# JRE version: OpenJDK Runtime Environment (14.0.2+12) (build 14.0.2+12-46)
# Java VM: OpenJDK 64-Bit Server VM (14.0.2+12-46, mixed mode, tiered, compressed oops, g1 gc, windows-amd64)
Heap:
 garbage-first heap   total 71680K, used 27933K [0x00000000c1200000, 0x0000000100000000)
  region size 1024K, 2 young (2048K), 2 survivors (2048K)
 Metaspace       used 57270K, capacity 58948K, committed 59088K, reserved 1112064K
  class space    used 7555K, capacity 8218K, committed 8320K, reserved 1048576K
GC Heap History (20 events):
Event: 7.497 GC heap before
{Heap before GC invocations=20 (full 0):
 garbage-first heap   total 61440K, used 46913K [0x00000000c1200000, 0x0000000100000000)
  region size 1024K, 36 young (36864K), 5 survivors (5120K)
 Metaspace       used 32682K, capacity 33877K, committed 33968K, reserved 1079296K
  class space    used 4090K, capacity 4540K, committed 4608K, reserved 1048576K
}
Event: 7.505 GC heap after
{Heap after GC invocations=21 (full 0):
 garbage-first heap   total 61440K, used 17094K [0x00000000c1200000, 0x0000000100000000)
  region size 1024K, 3 young (3072K), 3 survivors (3072K)
 Metaspace       used 32682K, capacity 33877K, committed 33968K, reserved 1079296K
  class space    used 4090K, capacity 4540K, committed 4608K, reserved 1048576K
}
Event: 7.576 GC heap before
{Heap before GC invocations=21 (full 0):
 garbage-first heap   total 61440K, used 48838K [0x00000000c1200000, 0x0000000100000000)
  region size 1024K, 35 young (35840K), 3 survivors (3072K)
 Metaspace       used 33124K, capacity 34376K, committed 34480K, reserved 1079296K
  class space    used 4127K, capacity 4578K, committed 4608K, reserved 1048576K
}
Event: 7.582 GC heap after
{Heap after GC invocations=22 (full 0):
 garbage-first heap   total 61440K, used 17358K [0x00000000c1200000, 0x0000000100000000)
  region size 1024K, 2 young (2048K), 2 survivors (2048K)
 Metaspace       used 33124K, capacity 34376K, committed 34480K, reserved 1079296K
  class space    used 4127K, capacity 4578K, committed 4608K, reserved 1048576K
}
Event: 7.654 GC heap before
{Heap before GC invocations=22 (full 0):
 garbage-first heap   total 61440K, used 49102K [0x00000000c1200000, 0x0000000100000000)
  region size 1024K, 34 young (34816K), 2 survivors (2048K)
 Metaspace       used 33357K, capacity 34606K, committed 34864K, reserved 1079296K
  class space    used 4157K, capacity 4612K, committed 4736K, reserved 1048576K
}
Event: 7.657 GC heap after
{Heap after GC invocations=23 (full 0):
 garbage-first heap   total 73728K, used 17178K [0x00000000c1200000, 0x0000000100000000)
  region size 1024K, 1 young (1024K), 1 survivors (1024K)
 Metaspace       used 33357K, capacity 34606K, committed 34864K, reserved 1079296K
  class space    used 4157K, capacity 4612K, committed 4736K, reserved 1048576K
}
Event: 7.839 GC heap before
{Heap before GC invocations=23 (full 0):
 garbage-first heap   total 73728K, used 31514K [0x00000000c1200000, 0x0000000100000000)
  region size 1024K, 16 young (16384K), 1 survivors (1024K)
 Metaspace       used 34590K, capacity 35775K, committed 35920K, reserved 1081344K
  class space    used 4330K, capacity 4768K, committed 4864K, reserved 1048576K
}
Event: 7.843 GC heap after
{Heap after GC invocations=24 (full 0):
 garbage-first heap   total 73728K, used 17707K [0x00000000c1200000, 0x0000000100000000)
  region size 1024K, 2 young (2048K), 2 survivors (2048K)
 Metaspace       used 34590K, capacity 35775K, committed 35920K, reserved 1081344K
  class space    used 4330K, capacity 4768K, committed 4864K, reserved 1048576K
}
Event: 12.373 GC heap before
{Heap before GC invocations=25 (full 0):
 garbage-first heap   total 71680K, used 57643K [0x00000000c1200000, 0x0000000100000000)
  region size 1024K, 42 young (43008K), 2 survivors (2048K)
 Metaspace       used 41532K, capacity 42845K, committed 43088K, reserved 1087488K
  class space    used 5354K, capacity 5840K, committed 5888K, reserved 1048576K
}
Event: 12.381 GC heap after
{Heap after GC invocations=26 (full 0):
 garbage-first heap   total 71680K, used 20994K [0x00000000c1200000, 0x0000000100000000)
  region size 1024K, 5 young (5120K), 5 survivors (5120K)
 Metaspace       used 41532K, capacity 42845K, committed 43088K, reserved 1087488K
  class space    used 5354K, capacity 5840K, committed 5888K, reserved 1048576K
}
Event: 20.081 GC heap before
{Heap before GC invocations=26 (full 0):
 garbage-first heap   total 71680K, used 56834K [0x00000000c1200000, 0x0000000100000000)
  region size 1024K, 40 young (40960K), 5 survivors (5120K)
 Metaspace       used 47868K, capacity 49175K, committed 49360K, reserved 1091584K
  class space    used 6276K, capacity 6733K, committed 6784K, reserved 1048576K
}
Event: 20.096 GC heap after
{Heap after GC invocations=27 (full 0):
 garbage-first heap   total 71680K, used 22480K [0x00000000c1200000, 0x0000000100000000)
  region size 1024K, 2 young (2048K), 2 survivors (2048K)
 Metaspace       used 47868K, capacity 49175K, committed 49360K, reserved 1091584K
  class space    used 6276K, capacity 6733K, committed 6784K, reserved 1048576K
}
Event: 23.917 GC heap before
{Heap before GC invocations=27 (full 0):
 garbage-first heap   total 71680K, used 57296K [0x00000000c1200000, 0x0000000100000000)
  region size 1024K, 36 young (36864K), 2 survivors (2048K)
 Metaspace       used 51062K, capacity 52479K, committed 52688K, reserved 1095680K
  class space    used 6721K, capacity 7256K, committed 7296K, reserved 1048576K
}
Event: 23.925 GC heap after
{Heap after GC invocations=28 (full 0):
 garbage-first heap   total 71680K, used 24495K [0x00000000c1200000, 0x0000000100000000)
  region size 1024K, 4 young (4096K), 4 survivors (4096K)
 Metaspace       used 51062K, capacity 52479K, committed 52688K, reserved 1095680K
  class space    used 6721K, capacity 7256K, committed 7296K, reserved 1048576K
}
Event: 24.532 GC heap before
{Heap before GC invocations=28 (full 0):
 garbage-first heap   total 71680K, used 57263K [0x00000000c1200000, 0x0000000100000000)
  region size 1024K, 36 young (36864K), 4 survivors (4096K)
 Metaspace       used 54140K, capacity 55762K, committed 56016K, reserved 1097728K
  class space    used 7131K, capacity 7752K, committed 7808K, reserved 1048576K
}
Event: 24.541 GC heap after
{Heap after GC invocations=29 (full 0):
 garbage-first heap   total 71680K, used 26536K [0x00000000c1200000, 0x0000000100000000)
  region size 1024K, 5 young (5120K), 5 survivors (5120K)
 Metaspace       used 54140K, capacity 55762K, committed 56016K, reserved 1097728K
  class space    used 7131K, capacity 7752K, committed 7808K, reserved 1048576K
}
Event: 55.990 GC heap before
{Heap before GC invocations=29 (full 0):
 garbage-first heap   total 71680K, used 57256K [0x00000000c1200000, 0x0000000100000000)
  region size 1024K, 35 young (35840K), 5 survivors (5120K)
 Metaspace       used 57216K, capacity 58935K, committed 59088K, reserved 1099776K
  class space    used 7546K, capacity 8214K, committed 8320K, reserved 1048576K
}
Event: 56.000 GC heap after
{Heap after GC invocations=30 (full 0):
 garbage-first heap   total 71680K, used 27964K [0x00000000c1200000, 0x0000000100000000)
  region size 1024K, 4 young (4096K), 4 survivors (4096K)
 Metaspace       used 57216K, capacity 58935K, committed 59088K, reserved 1099776K
  class space    used 7546K, capacity 8214K, committed 8320K, reserved 1048576K
}
Event: 56.137 GC heap before
{Heap before GC invocations=30 (full 0):
 garbage-first heap   total 71680K, used 27964K [0x00000000c1200000, 0x0000000100000000)
  region size 1024K, 5 young (5120K), 4 survivors (4096K)
 Metaspace       used 57270K, capacity 58948K, committed 59088K, reserved 1110016K
  class space    used 7555K, capacity 8218K, committed 8320K, reserved 1048576K
}
Event: 56.145 GC heap after
{Heap after GC invocations=31 (full 0):
 garbage-first heap   total 71680K, used 27933K [0x00000000c1200000, 0x0000000100000000)
  region size 1024K, 2 young (2048K), 2 survivors (2048K)
 Metaspace       used 57270K, capacity 58948K, committed 59088K, reserved 1110016K
  class space    used 7555K, capacity 8218K, committed 8320K, reserved 1048576K
}

